[2025-05-12 13:33:06] local.ERROR: Database file at path [D:\Aplikasi\Xampp\htdocs\umkmgo_kel2-yuda_umkgo\umkmgo\database\database.sqlite] does not exist. Ensure this is an absolute path to the database. (Connection: sqlite, SQL: select * from "sessions" where "id" = 1QVU8dacZ7Pzlm4jEBaET1DjKqx9oaInh0IxITvX limit 1) {"exception":"[object] (Illuminate\\Database\\QueryException(code: 0): Database file at path [D:\\Aplikasi\\Xampp\\htdocs\\umkmgo_kel2-yuda_umkgo\\umkmgo\\database\\database.sqlite] does not exist. Ensure this is an absolute path to the database. (Connection: sqlite, SQL: select * from \"sessions\" where \"id\" = 1QVU8dacZ7Pzlm4jEBaET1DjKqx9oaInh0IxITvX limit 1) at D:\\Aplikasi\\Xampp\\htdocs\\umkmgo_kel2-yuda_umkgo\\umkmgo\\vendor\\laravel\\framework\\src\\Illuminate\\Database\\Connection.php:822)
[stacktrace]
#0 D:\\Aplikasi\\Xampp\\htdocs\\umkmgo_kel2-yuda_umkgo\\umkmgo\\vendor\\laravel\\framework\\src\\Illuminate\\Database\\Connection.php(776): Illuminate\\Database\\Connection->runQueryCallback('select * from \"...', Array, Object(Closure))
#1 D:\\Aplikasi\\Xampp\\htdocs\\umkmgo_kel2-yuda_umkgo\\umkmgo\\vendor\\laravel\\framework\\src\\Illuminate\\Database\\Connection.php(395): Illuminate\\Database\\Connection->run('select * from \"...', Array, Object(Closure))
#2 D:\\Aplikasi\\Xampp\\htdocs\\umkmgo_kel2-yuda_umkgo\\umkmgo\\vendor\\laravel\\framework\\src\\Illuminate\\Database\\Query\\Builder.php(3117): Illuminate\\Database\\Connection->select('select * from \"...', Array, false)
#3 D:\\Aplikasi\\Xampp\\htdocs\\umkmgo_kel2-yuda_umkgo\\umkmgo\\vendor\\laravel\\framework\\src\\Illuminate\\Database\\Query\\Builder.php(3102): Illuminate\\Database\\Query\\Builder->runSelect()
#4 D:\\Aplikasi\\Xampp\\htdocs\\umkmgo_kel2-yuda_umkgo\\umkmgo\\vendor\\laravel\\framework\\src\\Illuminate\\Database\\Query\\Builder.php(3689): Illuminate\\Database\\Query\\Builder->Illuminate\\Database\\Query\\{closure}()
#5 D:\\Aplikasi\\Xampp\\htdocs\\umkmgo_kel2-yuda_umkgo\\umkmgo\\vendor\\laravel\\framework\\src\\Illuminate\\Database\\Query\\Builder.php(3101): Illuminate\\Database\\Query\\Builder->onceWithColumns(Array, Object(Closure))
#6 D:\\Aplikasi\\Xampp\\htdocs\\umkmgo_kel2-yuda_umkgo\\umkmgo\\vendor\\laravel\\framework\\src\\Illuminate\\Database\\Concerns\\BuildsQueries.php(366): Illuminate\\Database\\Query\\Builder->get(Array)
#7 D:\\Aplikasi\\Xampp\\htdocs\\umkmgo_kel2-yuda_umkgo\\umkmgo\\vendor\\laravel\\framework\\src\\Illuminate\\Database\\Query\\Builder.php(3024): Illuminate\\Database\\Query\\Builder->first(Array)
#8 D:\\Aplikasi\\Xampp\\htdocs\\umkmgo_kel2-yuda_umkgo\\umkmgo\\vendor\\laravel\\framework\\src\\Illuminate\\Session\\DatabaseSessionHandler.php(96): Illuminate\\Database\\Query\\Builder->find('1QVU8dacZ7Pzlm4...')
#9 D:\\Aplikasi\\Xampp\\htdocs\\umkmgo_kel2-yuda_umkgo\\umkmgo\\vendor\\laravel\\framework\\src\\Illuminate\\Session\\Store.php(116): Illuminate\\Session\\DatabaseSessionHandler->read('1QVU8dacZ7Pzlm4...')
#10 D:\\Aplikasi\\Xampp\\htdocs\\umkmgo_kel2-yuda_umkgo\\umkmgo\\vendor\\laravel\\framework\\src\\Illuminate\\Session\\Store.php(104): Illuminate\\Session\\Store->readFromHandler()
#11 D:\\Aplikasi\\Xampp\\htdocs\\umkmgo_kel2-yuda_umkgo\\umkmgo\\vendor\\laravel\\framework\\src\\Illuminate\\Session\\Store.php(88): Illuminate\\Session\\Store->loadSession()
#12 D:\\Aplikasi\\Xampp\\htdocs\\umkmgo_kel2-yuda_umkgo\\umkmgo\\vendor\\laravel\\framework\\src\\Illuminate\\Session\\Middleware\\StartSession.php(146): Illuminate\\Session\\Store->start()
#13 D:\\Aplikasi\\Xampp\\htdocs\\umkmgo_kel2-yuda_umkgo\\umkmgo\\vendor\\laravel\\framework\\src\\Illuminate\\Support\\helpers.php(399): Illuminate\\Session\\Middleware\\StartSession->Illuminate\\Session\\Middleware\\{closure}(Object(Illuminate\\Session\\Store))
#14 D:\\Aplikasi\\Xampp\\htdocs\\umkmgo_kel2-yuda_umkgo\\umkmgo\\vendor\\laravel\\framework\\src\\Illuminate\\Session\\Middleware\\StartSession.php(143): tap(Object(Illuminate\\Session\\Store), Object(Closure))
#15 D:\\Aplikasi\\Xampp\\htdocs\\umkmgo_kel2-yuda_umkgo\\umkmgo\\vendor\\laravel\\framework\\src\\Illuminate\\Session\\Middleware\\StartSession.php(115): Illuminate\\Session\\Middleware\\StartSession->startSession(Object(Illuminate\\Http\\Request), Object(Illuminate\\Session\\Store))
#16 D:\\Aplikasi\\Xampp\\htdocs\\umkmgo_kel2-yuda_umkgo\\umkmgo\\vendor\\laravel\\framework\\src\\Illuminate\\Session\\Middleware\\StartSession.php(63): Illuminate\\Session\\Middleware\\StartSession->handleStatefulRequest(Object(Illuminate\\Http\\Request), Object(Illuminate\\Session\\Store), Object(Closure))
#17 D:\\Aplikasi\\Xampp\\htdocs\\umkmgo_kel2-yuda_umkgo\\umkmgo\\vendor\\laravel\\framework\\src\\Illuminate\\Pipeline\\Pipeline.php(208): Illuminate\\Session\\Middleware\\StartSession->handle(Object(Illuminate\\Http\\Request), Object(Closure))
#18 D:\\Aplikasi\\Xampp\\htdocs\\umkmgo_kel2-yuda_umkgo\\umkmgo\\vendor\\laravel\\framework\\src\\Illuminate\\Cookie\\Middleware\\AddQueuedCookiesToResponse.php(36): Illuminate\\Pipeline\\Pipeline->Illuminate\\Pipeline\\{closure}(Object(Illuminate\\Http\\Request))
#19 D:\\Aplikasi\\Xampp\\htdocs\\umkmgo_kel2-yuda_umkgo\\umkmgo\\vendor\\laravel\\framework\\src\\Illuminate\\Pipeline\\Pipeline.php(208): Illuminate\\Cookie\\Middleware\\AddQueuedCookiesToResponse->handle(Object(Illuminate\\Http\\Request), Object(Closure))
#20 D:\\Aplikasi\\Xampp\\htdocs\\umkmgo_kel2-yuda_umkgo\\umkmgo\\vendor\\laravel\\framework\\src\\Illuminate\\Cookie\\Middleware\\EncryptCookies.php(74): Illuminate\\Pipeline\\Pipeline->Illuminate\\Pipeline\\{closure}(Object(Illuminate\\Http\\Request))
#21 D:\\Aplikasi\\Xampp\\htdocs\\umkmgo_kel2-yuda_umkgo\\umkmgo\\vendor\\laravel\\framework\\src\\Illuminate\\Pipeline\\Pipeline.php(208): Illuminate\\Cookie\\Middleware\\EncryptCookies->handle(Object(Illuminate\\Http\\Request), Object(Closure))
#22 D:\\Aplikasi\\Xampp\\htdocs\\umkmgo_kel2-yuda_umkgo\\umkmgo\\vendor\\laravel\\framework\\src\\Illuminate\\Pipeline\\Pipeline.php(126): Illuminate\\Pipeline\\Pipeline->Illuminate\\Pipeline\\{closure}(Object(Illuminate\\Http\\Request))
#23 D:\\Aplikasi\\Xampp\\htdocs\\umkmgo_kel2-yuda_umkgo\\umkmgo\\vendor\\laravel\\framework\\src\\Illuminate\\Routing\\Router.php(807): Illuminate\\Pipeline\\Pipeline->then(Object(Closure))
#24 D:\\Aplikasi\\Xampp\\htdocs\\umkmgo_kel2-yuda_umkgo\\umkmgo\\vendor\\laravel\\framework\\src\\Illuminate\\Routing\\Router.php(786): Illuminate\\Routing\\Router->runRouteWithinStack(Object(Illuminate\\Routing\\Route), Object(Illuminate\\Http\\Request))
#25 D:\\Aplikasi\\Xampp\\htdocs\\umkmgo_kel2-yuda_umkgo\\umkmgo\\vendor\\laravel\\framework\\src\\Illuminate\\Routing\\Router.php(750): Illuminate\\Routing\\Router->runRoute(Object(Illuminate\\Http\\Request), Object(Illuminate\\Routing\\Route))
#26 D:\\Aplikasi\\Xampp\\htdocs\\umkmgo_kel2-yuda_umkgo\\umkmgo\\vendor\\laravel\\framework\\src\\Illuminate\\Routing\\Router.php(739): Illuminate\\Routing\\Router->dispatchToRoute(Object(Illuminate\\Http\\Request))
#27 D:\\Aplikasi\\Xampp\\htdocs\\umkmgo_kel2-yuda_umkgo\\umkmgo\\vendor\\laravel\\framework\\src\\Illuminate\\Foundation\\Http\\Kernel.php(200): Illuminate\\Routing\\Router->dispatch(Object(Illuminate\\Http\\Request))
#28 D:\\Aplikasi\\Xampp\\htdocs\\umkmgo_kel2-yuda_umkgo\\umkmgo\\vendor\\laravel\\framework\\src\\Illuminate\\Pipeline\\Pipeline.php(169): Illuminate\\Foundation\\Http\\Kernel->Illuminate\\Foundation\\Http\\{closure}(Object(Illuminate\\Http\\Request))
#29 D:\\Aplikasi\\Xampp\\htdocs\\umkmgo_kel2-yuda_umkgo\\umkmgo\\vendor\\laravel\\framework\\src\\Illuminate\\Foundation\\Http\\Middleware\\TransformsRequest.php(21): Illuminate\\Pipeline\\Pipeline->Illuminate\\Pipeline\\{closure}(Object(Illuminate\\Http\\Request))
#30 D:\\Aplikasi\\Xampp\\htdocs\\umkmgo_kel2-yuda_umkgo\\umkmgo\\vendor\\laravel\\framework\\src\\Illuminate\\Foundation\\Http\\Middleware\\ConvertEmptyStringsToNull.php(31): Illuminate\\Foundation\\Http\\Middleware\\TransformsRequest->handle(Object(Illuminate\\Http\\Request), Object(Closure))
#31 D:\\Aplikasi\\Xampp\\htdocs\\umkmgo_kel2-yuda_umkgo\\umkmgo\\vendor\\laravel\\framework\\src\\Illuminate\\Pipeline\\Pipeline.php(208): Illuminate\\Foundation\\Http\\Middleware\\ConvertEmptyStringsToNull->handle(Object(Illuminate\\Http\\Request), Object(Closure))
#32 D:\\Aplikasi\\Xampp\\htdocs\\umkmgo_kel2-yuda_umkgo\\umkmgo\\vendor\\laravel\\framework\\src\\Illuminate\\Foundation\\Http\\Middleware\\TransformsRequest.php(21): Illuminate\\Pipeline\\Pipeline->Illuminate\\Pipeline\\{closure}(Object(Illuminate\\Http\\Request))
#33 D:\\Aplikasi\\Xampp\\htdocs\\umkmgo_kel2-yuda_umkgo\\umkmgo\\vendor\\laravel\\framework\\src\\Illuminate\\Foundation\\Http\\Middleware\\TrimStrings.php(51): Illuminate\\Foundation\\Http\\Middleware\\TransformsRequest->handle(Object(Illuminate\\Http\\Request), Object(Closure))
#34 D:\\Aplikasi\\Xampp\\htdocs\\umkmgo_kel2-yuda_umkgo\\umkmgo\\vendor\\laravel\\framework\\src\\Illuminate\\Pipeline\\Pipeline.php(208): Illuminate\\Foundation\\Http\\Middleware\\TrimStrings->handle(Object(Illuminate\\Http\\Request), Object(Closure))
#35 D:\\Aplikasi\\Xampp\\htdocs\\umkmgo_kel2-yuda_umkgo\\umkmgo\\vendor\\laravel\\framework\\src\\Illuminate\\Http\\Middleware\\ValidatePostSize.php(27): Illuminate\\Pipeline\\Pipeline->Illuminate\\Pipeline\\{closure}(Object(Illuminate\\Http\\Request))
#36 D:\\Aplikasi\\Xampp\\htdocs\\umkmgo_kel2-yuda_umkgo\\umkmgo\\vendor\\laravel\\framework\\src\\Illuminate\\Pipeline\\Pipeline.php(208): Illuminate\\Http\\Middleware\\ValidatePostSize->handle(Object(Illuminate\\Http\\Request), Object(Closure))
#37 D:\\Aplikasi\\Xampp\\htdocs\\umkmgo_kel2-yuda_umkgo\\umkmgo\\vendor\\laravel\\framework\\src\\Illuminate\\Foundation\\Http\\Middleware\\PreventRequestsDuringMaintenance.php(109): Illuminate\\Pipeline\\Pipeline->Illuminate\\Pipeline\\{closure}(Object(Illuminate\\Http\\Request))
#38 D:\\Aplikasi\\Xampp\\htdocs\\umkmgo_kel2-yuda_umkgo\\umkmgo\\vendor\\laravel\\framework\\src\\Illuminate\\Pipeline\\Pipeline.php(208): Illuminate\\Foundation\\Http\\Middleware\\PreventRequestsDuringMaintenance->handle(Object(Illuminate\\Http\\Request), Object(Closure))
#39 D:\\Aplikasi\\Xampp\\htdocs\\umkmgo_kel2-yuda_umkgo\\umkmgo\\vendor\\laravel\\framework\\src\\Illuminate\\Http\\Middleware\\HandleCors.php(48): Illuminate\\Pipeline\\Pipeline->Illuminate\\Pipeline\\{closure}(Object(Illuminate\\Http\\Request))
#40 D:\\Aplikasi\\Xampp\\htdocs\\umkmgo_kel2-yuda_umkgo\\umkmgo\\vendor\\laravel\\framework\\src\\Illuminate\\Pipeline\\Pipeline.php(208): Illuminate\\Http\\Middleware\\HandleCors->handle(Object(Illuminate\\Http\\Request), Object(Closure))
#41 D:\\Aplikasi\\Xampp\\htdocs\\umkmgo_kel2-yuda_umkgo\\umkmgo\\vendor\\laravel\\framework\\src\\Illuminate\\Http\\Middleware\\TrustProxies.php(58): Illuminate\\Pipeline\\Pipeline->Illuminate\\Pipeline\\{closure}(Object(Illuminate\\Http\\Request))
#42 D:\\Aplikasi\\Xampp\\htdocs\\umkmgo_kel2-yuda_umkgo\\umkmgo\\vendor\\laravel\\framework\\src\\Illuminate\\Pipeline\\Pipeline.php(208): Illuminate\\Http\\Middleware\\TrustProxies->handle(Object(Illuminate\\Http\\Request), Object(Closure))
#43 D:\\Aplikasi\\Xampp\\htdocs\\umkmgo_kel2-yuda_umkgo\\umkmgo\\vendor\\laravel\\framework\\src\\Illuminate\\Foundation\\Http\\Middleware\\InvokeDeferredCallbacks.php(22): Illuminate\\Pipeline\\Pipeline->Illuminate\\Pipeline\\{closure}(Object(Illuminate\\Http\\Request))
#44 D:\\Aplikasi\\Xampp\\htdocs\\umkmgo_kel2-yuda_umkgo\\umkmgo\\vendor\\laravel\\framework\\src\\Illuminate\\Pipeline\\Pipeline.php(208): Illuminate\\Foundation\\Http\\Middleware\\InvokeDeferredCallbacks->handle(Object(Illuminate\\Http\\Request), Object(Closure))
#45 D:\\Aplikasi\\Xampp\\htdocs\\umkmgo_kel2-yuda_umkgo\\umkmgo\\vendor\\laravel\\framework\\src\\Illuminate\\Http\\Middleware\\ValidatePathEncoding.php(26): Illuminate\\Pipeline\\Pipeline->Illuminate\\Pipeline\\{closure}(Object(Illuminate\\Http\\Request))
#46 D:\\Aplikasi\\Xampp\\htdocs\\umkmgo_kel2-yuda_umkgo\\umkmgo\\vendor\\laravel\\framework\\src\\Illuminate\\Pipeline\\Pipeline.php(208): Illuminate\\Http\\Middleware\\ValidatePathEncoding->handle(Object(Illuminate\\Http\\Request), Object(Closure))
#47 D:\\Aplikasi\\Xampp\\htdocs\\umkmgo_kel2-yuda_umkgo\\umkmgo\\vendor\\laravel\\framework\\src\\Illuminate\\Pipeline\\Pipeline.php(126): Illuminate\\Pipeline\\Pipeline->Illuminate\\Pipeline\\{closure}(Object(Illuminate\\Http\\Request))
#48 D:\\Aplikasi\\Xampp\\htdocs\\umkmgo_kel2-yuda_umkgo\\umkmgo\\vendor\\laravel\\framework\\src\\Illuminate\\Foundation\\Http\\Kernel.php(175): Illuminate\\Pipeline\\Pipeline->then(Object(Closure))
#49 D:\\Aplikasi\\Xampp\\htdocs\\umkmgo_kel2-yuda_umkgo\\umkmgo\\vendor\\laravel\\framework\\src\\Illuminate\\Foundation\\Http\\Kernel.php(144): Illuminate\\Foundation\\Http\\Kernel->sendRequestThroughRouter(Object(Illuminate\\Http\\Request))
#50 D:\\Aplikasi\\Xampp\\htdocs\\umkmgo_kel2-yuda_umkgo\\umkmgo\\vendor\\laravel\\framework\\src\\Illuminate\\Foundation\\Application.php(1219): Illuminate\\Foundation\\Http\\Kernel->handle(Object(Illuminate\\Http\\Request))
#51 D:\\Aplikasi\\Xampp\\htdocs\\umkmgo_kel2-yuda_umkgo\\umkmgo\\public\\index.php(20): Illuminate\\Foundation\\Application->handleRequest(Object(Illuminate\\Http\\Request))
#52 D:\\Aplikasi\\Xampp\\htdocs\\umkmgo_kel2-yuda_umkgo\\umkmgo\\vendor\\laravel\\framework\\src\\Illuminate\\Foundation\\resources\\server.php(23): require_once('D:\\\\Aplikasi\\\\Xam...')
#53 {main}

[previous exception] [object] (Illuminate\\Database\\SQLiteDatabaseDoesNotExistException(code: 0): Database file at path [D:\\Aplikasi\\Xampp\\htdocs\\umkmgo_kel2-yuda_umkgo\\umkmgo\\database\\database.sqlite] does not exist. Ensure this is an absolute path to the database. at D:\\Aplikasi\\Xampp\\htdocs\\umkmgo_kel2-yuda_umkgo\\umkmgo\\vendor\\laravel\\framework\\src\\Illuminate\\Database\\Connectors\\SQLiteConnector.php:59)
[stacktrace]
#0 D:\\Aplikasi\\Xampp\\htdocs\\umkmgo_kel2-yuda_umkgo\\umkmgo\\vendor\\laravel\\framework\\src\\Illuminate\\Database\\Connectors\\SQLiteConnector.php(19): Illuminate\\Database\\Connectors\\SQLiteConnector->parseDatabasePath(false)
#1 D:\\Aplikasi\\Xampp\\htdocs\\umkmgo_kel2-yuda_umkgo\\umkmgo\\vendor\\laravel\\framework\\src\\Illuminate\\Database\\Connectors\\ConnectionFactory.php(223): Illuminate\\Database\\Connectors\\SQLiteConnector->connect(Array)
#2 [internal function]: Illuminate\\Database\\Connectors\\ConnectionFactory->Illuminate\\Database\\Connectors\\{closure}()
#3 D:\\Aplikasi\\Xampp\\htdocs\\umkmgo_kel2-yuda_umkgo\\umkmgo\\vendor\\laravel\\framework\\src\\Illuminate\\Database\\Connection.php(1228): call_user_func(Object(Closure))
#4 D:\\Aplikasi\\Xampp\\htdocs\\umkmgo_kel2-yuda_umkgo\\umkmgo\\vendor\\laravel\\framework\\src\\Illuminate\\Database\\Connection.php(509): Illuminate\\Database\\Connection->getPdo()
#5 D:\\Aplikasi\\Xampp\\htdocs\\umkmgo_kel2-yuda_umkgo\\umkmgo\\vendor\\laravel\\framework\\src\\Illuminate\\Database\\Connection.php(404): Illuminate\\Database\\Connection->getPdoForSelect(false)
#6 D:\\Aplikasi\\Xampp\\htdocs\\umkmgo_kel2-yuda_umkgo\\umkmgo\\vendor\\laravel\\framework\\src\\Illuminate\\Database\\Connection.php(809): Illuminate\\Database\\Connection->Illuminate\\Database\\{closure}('select * from \"...', Array)
#7 D:\\Aplikasi\\Xampp\\htdocs\\umkmgo_kel2-yuda_umkgo\\umkmgo\\vendor\\laravel\\framework\\src\\Illuminate\\Database\\Connection.php(776): Illuminate\\Database\\Connection->runQueryCallback('select * from \"...', Array, Object(Closure))
#8 D:\\Aplikasi\\Xampp\\htdocs\\umkmgo_kel2-yuda_umkgo\\umkmgo\\vendor\\laravel\\framework\\src\\Illuminate\\Database\\Connection.php(395): Illuminate\\Database\\Connection->run('select * from \"...', Array, Object(Closure))
#9 D:\\Aplikasi\\Xampp\\htdocs\\umkmgo_kel2-yuda_umkgo\\umkmgo\\vendor\\laravel\\framework\\src\\Illuminate\\Database\\Query\\Builder.php(3117): Illuminate\\Database\\Connection->select('select * from \"...', Array, false)
#10 D:\\Aplikasi\\Xampp\\htdocs\\umkmgo_kel2-yuda_umkgo\\umkmgo\\vendor\\laravel\\framework\\src\\Illuminate\\Database\\Query\\Builder.php(3102): Illuminate\\Database\\Query\\Builder->runSelect()
#11 D:\\Aplikasi\\Xampp\\htdocs\\umkmgo_kel2-yuda_umkgo\\umkmgo\\vendor\\laravel\\framework\\src\\Illuminate\\Database\\Query\\Builder.php(3689): Illuminate\\Database\\Query\\Builder->Illuminate\\Database\\Query\\{closure}()
#12 D:\\Aplikasi\\Xampp\\htdocs\\umkmgo_kel2-yuda_umkgo\\umkmgo\\vendor\\laravel\\framework\\src\\Illuminate\\Database\\Query\\Builder.php(3101): Illuminate\\Database\\Query\\Builder->onceWithColumns(Array, Object(Closure))
#13 D:\\Aplikasi\\Xampp\\htdocs\\umkmgo_kel2-yuda_umkgo\\umkmgo\\vendor\\laravel\\framework\\src\\Illuminate\\Database\\Concerns\\BuildsQueries.php(366): Illuminate\\Database\\Query\\Builder->get(Array)
#14 D:\\Aplikasi\\Xampp\\htdocs\\umkmgo_kel2-yuda_umkgo\\umkmgo\\vendor\\laravel\\framework\\src\\Illuminate\\Database\\Query\\Builder.php(3024): Illuminate\\Database\\Query\\Builder->first(Array)
#15 D:\\Aplikasi\\Xampp\\htdocs\\umkmgo_kel2-yuda_umkgo\\umkmgo\\vendor\\laravel\\framework\\src\\Illuminate\\Session\\DatabaseSessionHandler.php(96): Illuminate\\Database\\Query\\Builder->find('1QVU8dacZ7Pzlm4...')
#16 D:\\Aplikasi\\Xampp\\htdocs\\umkmgo_kel2-yuda_umkgo\\umkmgo\\vendor\\laravel\\framework\\src\\Illuminate\\Session\\Store.php(116): Illuminate\\Session\\DatabaseSessionHandler->read('1QVU8dacZ7Pzlm4...')
#17 D:\\Aplikasi\\Xampp\\htdocs\\umkmgo_kel2-yuda_umkgo\\umkmgo\\vendor\\laravel\\framework\\src\\Illuminate\\Session\\Store.php(104): Illuminate\\Session\\Store->readFromHandler()
#18 D:\\Aplikasi\\Xampp\\htdocs\\umkmgo_kel2-yuda_umkgo\\umkmgo\\vendor\\laravel\\framework\\src\\Illuminate\\Session\\Store.php(88): Illuminate\\Session\\Store->loadSession()
#19 D:\\Aplikasi\\Xampp\\htdocs\\umkmgo_kel2-yuda_umkgo\\umkmgo\\vendor\\laravel\\framework\\src\\Illuminate\\Session\\Middleware\\StartSession.php(146): Illuminate\\Session\\Store->start()
#20 D:\\Aplikasi\\Xampp\\htdocs\\umkmgo_kel2-yuda_umkgo\\umkmgo\\vendor\\laravel\\framework\\src\\Illuminate\\Support\\helpers.php(399): Illuminate\\Session\\Middleware\\StartSession->Illuminate\\Session\\Middleware\\{closure}(Object(Illuminate\\Session\\Store))
#21 D:\\Aplikasi\\Xampp\\htdocs\\umkmgo_kel2-yuda_umkgo\\umkmgo\\vendor\\laravel\\framework\\src\\Illuminate\\Session\\Middleware\\StartSession.php(143): tap(Object(Illuminate\\Session\\Store), Object(Closure))
#22 D:\\Aplikasi\\Xampp\\htdocs\\umkmgo_kel2-yuda_umkgo\\umkmgo\\vendor\\laravel\\framework\\src\\Illuminate\\Session\\Middleware\\StartSession.php(115): Illuminate\\Session\\Middleware\\StartSession->startSession(Object(Illuminate\\Http\\Request), Object(Illuminate\\Session\\Store))
#23 D:\\Aplikasi\\Xampp\\htdocs\\umkmgo_kel2-yuda_umkgo\\umkmgo\\vendor\\laravel\\framework\\src\\Illuminate\\Session\\Middleware\\StartSession.php(63): Illuminate\\Session\\Middleware\\StartSession->handleStatefulRequest(Object(Illuminate\\Http\\Request), Object(Illuminate\\Session\\Store), Object(Closure))
#24 D:\\Aplikasi\\Xampp\\htdocs\\umkmgo_kel2-yuda_umkgo\\umkmgo\\vendor\\laravel\\framework\\src\\Illuminate\\Pipeline\\Pipeline.php(208): Illuminate\\Session\\Middleware\\StartSession->handle(Object(Illuminate\\Http\\Request), Object(Closure))
#25 D:\\Aplikasi\\Xampp\\htdocs\\umkmgo_kel2-yuda_umkgo\\umkmgo\\vendor\\laravel\\framework\\src\\Illuminate\\Cookie\\Middleware\\AddQueuedCookiesToResponse.php(36): Illuminate\\Pipeline\\Pipeline->Illuminate\\Pipeline\\{closure}(Object(Illuminate\\Http\\Request))
#26 D:\\Aplikasi\\Xampp\\htdocs\\umkmgo_kel2-yuda_umkgo\\umkmgo\\vendor\\laravel\\framework\\src\\Illuminate\\Pipeline\\Pipeline.php(208): Illuminate\\Cookie\\Middleware\\AddQueuedCookiesToResponse->handle(Object(Illuminate\\Http\\Request), Object(Closure))
#27 D:\\Aplikasi\\Xampp\\htdocs\\umkmgo_kel2-yuda_umkgo\\umkmgo\\vendor\\laravel\\framework\\src\\Illuminate\\Cookie\\Middleware\\EncryptCookies.php(74): Illuminate\\Pipeline\\Pipeline->Illuminate\\Pipeline\\{closure}(Object(Illuminate\\Http\\Request))
#28 D:\\Aplikasi\\Xampp\\htdocs\\umkmgo_kel2-yuda_umkgo\\umkmgo\\vendor\\laravel\\framework\\src\\Illuminate\\Pipeline\\Pipeline.php(208): Illuminate\\Cookie\\Middleware\\EncryptCookies->handle(Object(Illuminate\\Http\\Request), Object(Closure))
#29 D:\\Aplikasi\\Xampp\\htdocs\\umkmgo_kel2-yuda_umkgo\\umkmgo\\vendor\\laravel\\framework\\src\\Illuminate\\Pipeline\\Pipeline.php(126): Illuminate\\Pipeline\\Pipeline->Illuminate\\Pipeline\\{closure}(Object(Illuminate\\Http\\Request))
#30 D:\\Aplikasi\\Xampp\\htdocs\\umkmgo_kel2-yuda_umkgo\\umkmgo\\vendor\\laravel\\framework\\src\\Illuminate\\Routing\\Router.php(807): Illuminate\\Pipeline\\Pipeline->then(Object(Closure))
#31 D:\\Aplikasi\\Xampp\\htdocs\\umkmgo_kel2-yuda_umkgo\\umkmgo\\vendor\\laravel\\framework\\src\\Illuminate\\Routing\\Router.php(786): Illuminate\\Routing\\Router->runRouteWithinStack(Object(Illuminate\\Routing\\Route), Object(Illuminate\\Http\\Request))
#32 D:\\Aplikasi\\Xampp\\htdocs\\umkmgo_kel2-yuda_umkgo\\umkmgo\\vendor\\laravel\\framework\\src\\Illuminate\\Routing\\Router.php(750): Illuminate\\Routing\\Router->runRoute(Object(Illuminate\\Http\\Request), Object(Illuminate\\Routing\\Route))
#33 D:\\Aplikasi\\Xampp\\htdocs\\umkmgo_kel2-yuda_umkgo\\umkmgo\\vendor\\laravel\\framework\\src\\Illuminate\\Routing\\Router.php(739): Illuminate\\Routing\\Router->dispatchToRoute(Object(Illuminate\\Http\\Request))
#34 D:\\Aplikasi\\Xampp\\htdocs\\umkmgo_kel2-yuda_umkgo\\umkmgo\\vendor\\laravel\\framework\\src\\Illuminate\\Foundation\\Http\\Kernel.php(200): Illuminate\\Routing\\Router->dispatch(Object(Illuminate\\Http\\Request))
#35 D:\\Aplikasi\\Xampp\\htdocs\\umkmgo_kel2-yuda_umkgo\\umkmgo\\vendor\\laravel\\framework\\src\\Illuminate\\Pipeline\\Pipeline.php(169): Illuminate\\Foundation\\Http\\Kernel->Illuminate\\Foundation\\Http\\{closure}(Object(Illuminate\\Http\\Request))
#36 D:\\Aplikasi\\Xampp\\htdocs\\umkmgo_kel2-yuda_umkgo\\umkmgo\\vendor\\laravel\\framework\\src\\Illuminate\\Foundation\\Http\\Middleware\\TransformsRequest.php(21): Illuminate\\Pipeline\\Pipeline->Illuminate\\Pipeline\\{closure}(Object(Illuminate\\Http\\Request))
#37 D:\\Aplikasi\\Xampp\\htdocs\\umkmgo_kel2-yuda_umkgo\\umkmgo\\vendor\\laravel\\framework\\src\\Illuminate\\Foundation\\Http\\Middleware\\ConvertEmptyStringsToNull.php(31): Illuminate\\Foundation\\Http\\Middleware\\TransformsRequest->handle(Object(Illuminate\\Http\\Request), Object(Closure))
#38 D:\\Aplikasi\\Xampp\\htdocs\\umkmgo_kel2-yuda_umkgo\\umkmgo\\vendor\\laravel\\framework\\src\\Illuminate\\Pipeline\\Pipeline.php(208): Illuminate\\Foundation\\Http\\Middleware\\ConvertEmptyStringsToNull->handle(Object(Illuminate\\Http\\Request), Object(Closure))
#39 D:\\Aplikasi\\Xampp\\htdocs\\umkmgo_kel2-yuda_umkgo\\umkmgo\\vendor\\laravel\\framework\\src\\Illuminate\\Foundation\\Http\\Middleware\\TransformsRequest.php(21): Illuminate\\Pipeline\\Pipeline->Illuminate\\Pipeline\\{closure}(Object(Illuminate\\Http\\Request))
#40 D:\\Aplikasi\\Xampp\\htdocs\\umkmgo_kel2-yuda_umkgo\\umkmgo\\vendor\\laravel\\framework\\src\\Illuminate\\Foundation\\Http\\Middleware\\TrimStrings.php(51): Illuminate\\Foundation\\Http\\Middleware\\TransformsRequest->handle(Object(Illuminate\\Http\\Request), Object(Closure))
#41 D:\\Aplikasi\\Xampp\\htdocs\\umkmgo_kel2-yuda_umkgo\\umkmgo\\vendor\\laravel\\framework\\src\\Illuminate\\Pipeline\\Pipeline.php(208): Illuminate\\Foundation\\Http\\Middleware\\TrimStrings->handle(Object(Illuminate\\Http\\Request), Object(Closure))
#42 D:\\Aplikasi\\Xampp\\htdocs\\umkmgo_kel2-yuda_umkgo\\umkmgo\\vendor\\laravel\\framework\\src\\Illuminate\\Http\\Middleware\\ValidatePostSize.php(27): Illuminate\\Pipeline\\Pipeline->Illuminate\\Pipeline\\{closure}(Object(Illuminate\\Http\\Request))
#43 D:\\Aplikasi\\Xampp\\htdocs\\umkmgo_kel2-yuda_umkgo\\umkmgo\\vendor\\laravel\\framework\\src\\Illuminate\\Pipeline\\Pipeline.php(208): Illuminate\\Http\\Middleware\\ValidatePostSize->handle(Object(Illuminate\\Http\\Request), Object(Closure))
#44 D:\\Aplikasi\\Xampp\\htdocs\\umkmgo_kel2-yuda_umkgo\\umkmgo\\vendor\\laravel\\framework\\src\\Illuminate\\Foundation\\Http\\Middleware\\PreventRequestsDuringMaintenance.php(109): Illuminate\\Pipeline\\Pipeline->Illuminate\\Pipeline\\{closure}(Object(Illuminate\\Http\\Request))
#45 D:\\Aplikasi\\Xampp\\htdocs\\umkmgo_kel2-yuda_umkgo\\umkmgo\\vendor\\laravel\\framework\\src\\Illuminate\\Pipeline\\Pipeline.php(208): Illuminate\\Foundation\\Http\\Middleware\\PreventRequestsDuringMaintenance->handle(Object(Illuminate\\Http\\Request), Object(Closure))
#46 D:\\Aplikasi\\Xampp\\htdocs\\umkmgo_kel2-yuda_umkgo\\umkmgo\\vendor\\laravel\\framework\\src\\Illuminate\\Http\\Middleware\\HandleCors.php(48): Illuminate\\Pipeline\\Pipeline->Illuminate\\Pipeline\\{closure}(Object(Illuminate\\Http\\Request))
#47 D:\\Aplikasi\\Xampp\\htdocs\\umkmgo_kel2-yuda_umkgo\\umkmgo\\vendor\\laravel\\framework\\src\\Illuminate\\Pipeline\\Pipeline.php(208): Illuminate\\Http\\Middleware\\HandleCors->handle(Object(Illuminate\\Http\\Request), Object(Closure))
#48 D:\\Aplikasi\\Xampp\\htdocs\\umkmgo_kel2-yuda_umkgo\\umkmgo\\vendor\\laravel\\framework\\src\\Illuminate\\Http\\Middleware\\TrustProxies.php(58): Illuminate\\Pipeline\\Pipeline->Illuminate\\Pipeline\\{closure}(Object(Illuminate\\Http\\Request))
#49 D:\\Aplikasi\\Xampp\\htdocs\\umkmgo_kel2-yuda_umkgo\\umkmgo\\vendor\\laravel\\framework\\src\\Illuminate\\Pipeline\\Pipeline.php(208): Illuminate\\Http\\Middleware\\TrustProxies->handle(Object(Illuminate\\Http\\Request), Object(Closure))
#50 D:\\Aplikasi\\Xampp\\htdocs\\umkmgo_kel2-yuda_umkgo\\umkmgo\\vendor\\laravel\\framework\\src\\Illuminate\\Foundation\\Http\\Middleware\\InvokeDeferredCallbacks.php(22): Illuminate\\Pipeline\\Pipeline->Illuminate\\Pipeline\\{closure}(Object(Illuminate\\Http\\Request))
#51 D:\\Aplikasi\\Xampp\\htdocs\\umkmgo_kel2-yuda_umkgo\\umkmgo\\vendor\\laravel\\framework\\src\\Illuminate\\Pipeline\\Pipeline.php(208): Illuminate\\Foundation\\Http\\Middleware\\InvokeDeferredCallbacks->handle(Object(Illuminate\\Http\\Request), Object(Closure))
#52 D:\\Aplikasi\\Xampp\\htdocs\\umkmgo_kel2-yuda_umkgo\\umkmgo\\vendor\\laravel\\framework\\src\\Illuminate\\Http\\Middleware\\ValidatePathEncoding.php(26): Illuminate\\Pipeline\\Pipeline->Illuminate\\Pipeline\\{closure}(Object(Illuminate\\Http\\Request))
#53 D:\\Aplikasi\\Xampp\\htdocs\\umkmgo_kel2-yuda_umkgo\\umkmgo\\vendor\\laravel\\framework\\src\\Illuminate\\Pipeline\\Pipeline.php(208): Illuminate\\Http\\Middleware\\ValidatePathEncoding->handle(Object(Illuminate\\Http\\Request), Object(Closure))
#54 D:\\Aplikasi\\Xampp\\htdocs\\umkmgo_kel2-yuda_umkgo\\umkmgo\\vendor\\laravel\\framework\\src\\Illuminate\\Pipeline\\Pipeline.php(126): Illuminate\\Pipeline\\Pipeline->Illuminate\\Pipeline\\{closure}(Object(Illuminate\\Http\\Request))
#55 D:\\Aplikasi\\Xampp\\htdocs\\umkmgo_kel2-yuda_umkgo\\umkmgo\\vendor\\laravel\\framework\\src\\Illuminate\\Foundation\\Http\\Kernel.php(175): Illuminate\\Pipeline\\Pipeline->then(Object(Closure))
#56 D:\\Aplikasi\\Xampp\\htdocs\\umkmgo_kel2-yuda_umkgo\\umkmgo\\vendor\\laravel\\framework\\src\\Illuminate\\Foundation\\Http\\Kernel.php(144): Illuminate\\Foundation\\Http\\Kernel->sendRequestThroughRouter(Object(Illuminate\\Http\\Request))
#57 D:\\Aplikasi\\Xampp\\htdocs\\umkmgo_kel2-yuda_umkgo\\umkmgo\\vendor\\laravel\\framework\\src\\Illuminate\\Foundation\\Application.php(1219): Illuminate\\Foundation\\Http\\Kernel->handle(Object(Illuminate\\Http\\Request))
#58 D:\\Aplikasi\\Xampp\\htdocs\\umkmgo_kel2-yuda_umkgo\\umkmgo\\public\\index.php(20): Illuminate\\Foundation\\Application->handleRequest(Object(Illuminate\\Http\\Request))
#59 D:\\Aplikasi\\Xampp\\htdocs\\umkmgo_kel2-yuda_umkgo\\umkmgo\\vendor\\laravel\\framework\\src\\Illuminate\\Foundation\\resources\\server.php(23): require_once('D:\\\\Aplikasi\\\\Xam...')
#60 {main}
"} 
[2025-05-12 13:44:26] local.ERROR: Database connection [phpmyadmin] not configured. {"exception":"[object] (InvalidArgumentException(code: 0): Database connection [phpmyadmin] not configured. at D:\\Aplikasi\\Xampp\\htdocs\\umkmgo_kel2-yuda_umkgo\\umkmgo\\vendor\\laravel\\framework\\src\\Illuminate\\Database\\DatabaseManager.php:227)
[stacktrace]
#0 D:\\Aplikasi\\Xampp\\htdocs\\umkmgo_kel2-yuda_umkgo\\umkmgo\\vendor\\laravel\\framework\\src\\Illuminate\\Database\\DatabaseManager.php(191): Illuminate\\Database\\DatabaseManager->configuration('phpmyadmin')
#1 D:\\Aplikasi\\Xampp\\htdocs\\umkmgo_kel2-yuda_umkgo\\umkmgo\\vendor\\laravel\\framework\\src\\Illuminate\\Database\\DatabaseManager.php(102): Illuminate\\Database\\DatabaseManager->makeConnection('phpmyadmin')
#2 D:\\Aplikasi\\Xampp\\htdocs\\umkmgo_kel2-yuda_umkgo\\umkmgo\\vendor\\laravel\\framework\\src\\Illuminate\\Database\\Migrations\\DatabaseMigrationRepository.php(225): Illuminate\\Database\\DatabaseManager->connection('phpmyadmin')
#3 D:\\Aplikasi\\Xampp\\htdocs\\umkmgo_kel2-yuda_umkgo\\umkmgo\\vendor\\laravel\\framework\\src\\Illuminate\\Database\\Migrations\\DatabaseMigrationRepository.php(181): Illuminate\\Database\\Migrations\\DatabaseMigrationRepository->getConnection()
#4 D:\\Aplikasi\\Xampp\\htdocs\\umkmgo_kel2-yuda_umkgo\\umkmgo\\vendor\\laravel\\framework\\src\\Illuminate\\Database\\Migrations\\Migrator.php(749): Illuminate\\Database\\Migrations\\DatabaseMigrationRepository->repositoryExists()
#5 D:\\Aplikasi\\Xampp\\htdocs\\umkmgo_kel2-yuda_umkgo\\umkmgo\\vendor\\laravel\\framework\\src\\Illuminate\\Database\\Console\\Migrations\\MigrateCommand.php(164): Illuminate\\Database\\Migrations\\Migrator->repositoryExists()
#6 D:\\Aplikasi\\Xampp\\htdocs\\umkmgo_kel2-yuda_umkgo\\umkmgo\\vendor\\laravel\\framework\\src\\Illuminate\\Support\\helpers.php(338): Illuminate\\Database\\Console\\Migrations\\MigrateCommand->Illuminate\\Database\\Console\\Migrations\\{closure}(1)
#7 D:\\Aplikasi\\Xampp\\htdocs\\umkmgo_kel2-yuda_umkgo\\umkmgo\\vendor\\laravel\\framework\\src\\Illuminate\\Database\\Console\\Migrations\\MigrateCommand.php(164): retry(1, Object(Closure), 0, Object(Closure))
#8 D:\\Aplikasi\\Xampp\\htdocs\\umkmgo_kel2-yuda_umkgo\\umkmgo\\vendor\\laravel\\framework\\src\\Illuminate\\Database\\Console\\Migrations\\MigrateCommand.php(140): Illuminate\\Database\\Console\\Migrations\\MigrateCommand->repositoryExists()
#9 D:\\Aplikasi\\Xampp\\htdocs\\umkmgo_kel2-yuda_umkgo\\umkmgo\\vendor\\laravel\\framework\\src\\Illuminate\\Database\\Console\\Migrations\\MigrateCommand.php(110): Illuminate\\Database\\Console\\Migrations\\MigrateCommand->prepareDatabase()
#10 D:\\Aplikasi\\Xampp\\htdocs\\umkmgo_kel2-yuda_umkgo\\umkmgo\\vendor\\laravel\\framework\\src\\Illuminate\\Database\\Migrations\\Migrator.php(665): Illuminate\\Database\\Console\\Migrations\\MigrateCommand->Illuminate\\Database\\Console\\Migrations\\{closure}()
#11 D:\\Aplikasi\\Xampp\\htdocs\\umkmgo_kel2-yuda_umkgo\\umkmgo\\vendor\\laravel\\framework\\src\\Illuminate\\Database\\Console\\Migrations\\MigrateCommand.php(109): Illuminate\\Database\\Migrations\\Migrator->usingConnection(NULL, Object(Closure))
#12 D:\\Aplikasi\\Xampp\\htdocs\\umkmgo_kel2-yuda_umkgo\\umkmgo\\vendor\\laravel\\framework\\src\\Illuminate\\Database\\Console\\Migrations\\MigrateCommand.php(88): Illuminate\\Database\\Console\\Migrations\\MigrateCommand->runMigrations()
#13 D:\\Aplikasi\\Xampp\\htdocs\\umkmgo_kel2-yuda_umkgo\\umkmgo\\vendor\\laravel\\framework\\src\\Illuminate\\Container\\BoundMethod.php(36): Illuminate\\Database\\Console\\Migrations\\MigrateCommand->handle()
#14 D:\\Aplikasi\\Xampp\\htdocs\\umkmgo_kel2-yuda_umkgo\\umkmgo\\vendor\\laravel\\framework\\src\\Illuminate\\Container\\Util.php(43): Illuminate\\Container\\BoundMethod::Illuminate\\Container\\{closure}()
#15 D:\\Aplikasi\\Xampp\\htdocs\\umkmgo_kel2-yuda_umkgo\\umkmgo\\vendor\\laravel\\framework\\src\\Illuminate\\Container\\BoundMethod.php(96): Illuminate\\Container\\Util::unwrapIfClosure(Object(Closure))
#16 D:\\Aplikasi\\Xampp\\htdocs\\umkmgo_kel2-yuda_umkgo\\umkmgo\\vendor\\laravel\\framework\\src\\Illuminate\\Container\\BoundMethod.php(35): Illuminate\\Container\\BoundMethod::callBoundMethod(Object(Illuminate\\Foundation\\Application), Array, Object(Closure))
#17 D:\\Aplikasi\\Xampp\\htdocs\\umkmgo_kel2-yuda_umkgo\\umkmgo\\vendor\\laravel\\framework\\src\\Illuminate\\Container\\Container.php(754): Illuminate\\Container\\BoundMethod::call(Object(Illuminate\\Foundation\\Application), Array, Array, NULL)
#18 D:\\Aplikasi\\Xampp\\htdocs\\umkmgo_kel2-yuda_umkgo\\umkmgo\\vendor\\laravel\\framework\\src\\Illuminate\\Console\\Command.php(211): Illuminate\\Container\\Container->call(Array)
#19 D:\\Aplikasi\\Xampp\\htdocs\\umkmgo_kel2-yuda_umkgo\\umkmgo\\vendor\\symfony\\console\\Command\\Command.php(279): Illuminate\\Console\\Command->execute(Object(Symfony\\Component\\Console\\Input\\ArgvInput), Object(Illuminate\\Console\\OutputStyle))
#20 D:\\Aplikasi\\Xampp\\htdocs\\umkmgo_kel2-yuda_umkgo\\umkmgo\\vendor\\laravel\\framework\\src\\Illuminate\\Console\\Command.php(180): Symfony\\Component\\Console\\Command\\Command->run(Object(Symfony\\Component\\Console\\Input\\ArgvInput), Object(Illuminate\\Console\\OutputStyle))
#21 D:\\Aplikasi\\Xampp\\htdocs\\umkmgo_kel2-yuda_umkgo\\umkmgo\\vendor\\symfony\\console\\Application.php(1094): Illuminate\\Console\\Command->run(Object(Symfony\\Component\\Console\\Input\\ArgvInput), Object(Symfony\\Component\\Console\\Output\\ConsoleOutput))
#22 D:\\Aplikasi\\Xampp\\htdocs\\umkmgo_kel2-yuda_umkgo\\umkmgo\\vendor\\symfony\\console\\Application.php(342): Symfony\\Component\\Console\\Application->doRunCommand(Object(Illuminate\\Database\\Console\\Migrations\\MigrateCommand), Object(Symfony\\Component\\Console\\Input\\ArgvInput), Object(Symfony\\Component\\Console\\Output\\ConsoleOutput))
#23 D:\\Aplikasi\\Xampp\\htdocs\\umkmgo_kel2-yuda_umkgo\\umkmgo\\vendor\\symfony\\console\\Application.php(193): Symfony\\Component\\Console\\Application->doRun(Object(Symfony\\Component\\Console\\Input\\ArgvInput), Object(Symfony\\Component\\Console\\Output\\ConsoleOutput))
#24 D:\\Aplikasi\\Xampp\\htdocs\\umkmgo_kel2-yuda_umkgo\\umkmgo\\vendor\\laravel\\framework\\src\\Illuminate\\Foundation\\Console\\Kernel.php(197): Symfony\\Component\\Console\\Application->run(Object(Symfony\\Component\\Console\\Input\\ArgvInput), Object(Symfony\\Component\\Console\\Output\\ConsoleOutput))
#25 D:\\Aplikasi\\Xampp\\htdocs\\umkmgo_kel2-yuda_umkgo\\umkmgo\\vendor\\laravel\\framework\\src\\Illuminate\\Foundation\\Application.php(1234): Illuminate\\Foundation\\Console\\Kernel->handle(Object(Symfony\\Component\\Console\\Input\\ArgvInput), Object(Symfony\\Component\\Console\\Output\\ConsoleOutput))
#26 D:\\Aplikasi\\Xampp\\htdocs\\umkmgo_kel2-yuda_umkgo\\umkmgo\\artisan(16): Illuminate\\Foundation\\Application->handleCommand(Object(Symfony\\Component\\Console\\Input\\ArgvInput))
#27 {main}
"} 
